<?xml version="1.0" encoding="UTF-8"?>
<!-- Generated by org.testng.reporters.JUnitReportReporter -->
<testsuite skipped="0" hostname="DESKTOP-0UJ338V" name="session.facebookdata" tests="2" failures="0" timestamp="17 Aug 2020 11:19:59 GMT" time="50.200" errors="0">
  <testcase name="start" time="32.954" classname="session.facebookdata"/>
  <testcase name="start" time="17.246" classname="session.facebookdata"/>
</testsuite> <!-- session.facebookdata -->
